almighty_book/build/app/intermediates/manifest_merge_blame_file/release/manifest-merger-blame-release-report.txt
1<?xml version="1.0" encoding="utf-8"?>
2<manifest xmlns:android="http://schemas.android.com/apk/res/android"
3    package="com.bottrion.almightybook.almighty_book"
4    android:versionCode="1"
5    android:versionName="1.0.0" >
6
7    <uses-sdk
8        android:minSdkVersion="16"
8-->src/main/AndroidManifest.xml
9        android:targetSdkVersion="28" />
9-->src/main/AndroidManifest.xml
10    <!--
11         io.flutter.app.FlutterApplication is an android.app.Application that
12         calls FlutterMain.startInitialization(this); in its onCreate method.
13         In most cases you can leave this as-is, but you if you want to provide
14         additional functionality it is fine to subclass or reimplement
15         FlutterApplication and put your custom class here.
16    -->
17    <uses-permission android:name="android.permission.ACCESS_FINE_LOCATION" />
17-->src/main/AndroidManifest.xml:8:5-79
17-->src/main/AndroidManifest.xml:8:22-76
18    <uses-permission android:name="android.permission.ACCESS_COARSE_LOCATION" />
18-->src/main/AndroidManifest.xml:9:5-81
18-->src/main/AndroidManifest.xml:9:22-78
19    <uses-permission android:name="android.permission.READ_EXTERNAL_STORAGE" />
19-->[:image_picker] AndroidManifest.xml:7:5-80
19-->[:image_picker] AndroidManifest.xml:7:22-77
20    <uses-permission android:name="android.permission.WRITE_EXTERNAL_STORAGE" />
20-->[:image_picker] AndroidManifest.xml:8:5-81
20-->[:image_picker] AndroidManifest.xml:8:22-78
21    <uses-permission android:name="android.permission.ACCESS_NETWORK_STATE" />
21-->[com.google.android.exoplayer:exoplayer-core:2.9.6] AndroidManifest.xml:24:5-79
21-->[com.google.android.exoplayer:exoplayer-core:2.9.6] AndroidManifest.xml:24:22-76
22
23    <application
23-->src/main/AndroidManifest.xml:10:5-48:19
24        android:name="io.flutter.app.FlutterApplication"
24-->src/main/AndroidManifest.xml:11:9-57
25        android:appComponentFactory="androidx.core.app.CoreComponentFactory"
25-->[androidx.core:core:1.1.0] AndroidManifest.xml:24:18-86
26        android:icon="@mipmap/ic_launcher"
26-->src/main/AndroidManifest.xml:13:9-43
27        android:label="almighty_book" >
27-->src/main/AndroidManifest.xml:12:9-38
28        <activity
28-->src/main/AndroidManifest.xml:14:9-42:20
29            android:name="com.bottrion.almightybook.almighty_book.MainActivity"
29-->src/main/AndroidManifest.xml:15:13-41
30            android:configChanges="orientation|keyboardHidden|keyboard|screenSize|smallestScreenSize|locale|layoutDirection|fontScale|screenLayout|density|uiMode"
30-->src/main/AndroidManifest.xml:18:13-163
31            android:hardwareAccelerated="true"
31-->src/main/AndroidManifest.xml:19:13-47
32            android:launchMode="singleTop"
32-->src/main/AndroidManifest.xml:16:13-43
33            android:theme="@style/LaunchTheme"
33-->src/main/AndroidManifest.xml:17:13-47
34            android:windowSoftInputMode="adjustResize" >
34-->src/main/AndroidManifest.xml:20:13-55
35
36            <!--
37                 Specifies an Android theme to apply to this Activity as soon as
38                 the Android process has started. This theme is visible to the user
39                 while the Flutter UI initializes. After that, this theme continues
40                 to determine the Window background behind the Flutter UI.
41            -->
42            <meta-data
42-->src/main/AndroidManifest.xml:25:13-28:17
43                android:name="io.flutter.embedding.android.NormalTheme"
43-->src/main/AndroidManifest.xml:26:15-70
44                android:resource="@style/NormalTheme" />
44-->src/main/AndroidManifest.xml:27:15-52
45            <!--
46                 Displays an Android View that continues showing the launch screen
47                 Drawable until Flutter paints its first frame, then this splash
48                 screen fades out. A splash screen is useful to avoid any visual
49                 gap between the end of Android's launch screen and the painting of
50                 Flutter's first frame.
51            -->
52            <meta-data
52-->src/main/AndroidManifest.xml:34:13-37:17
53                android:name="io.flutter.embedding.android.SplashScreenDrawable"
53-->src/main/AndroidManifest.xml:35:15-79
54                android:resource="@drawable/launch_background" />
54-->src/main/AndroidManifest.xml:36:15-61
55
56            <intent-filter>
56-->src/main/AndroidManifest.xml:38:13-41:29
57                <action android:name="android.intent.action.MAIN" />
57-->src/main/AndroidManifest.xml:39:17-68
57-->src/main/AndroidManifest.xml:39:25-66
58
59                <category android:name="android.intent.category.LAUNCHER" />
59-->src/main/AndroidManifest.xml:40:17-76
59-->src/main/AndroidManifest.xml:40:27-74
60            </intent-filter>
61        </activity>
62        <!--
63             Don't delete the meta-data below.
64             This is used by the Flutter tool to generate GeneratedPluginRegistrant.java
65        -->
66        <meta-data
66-->src/main/AndroidManifest.xml:45:9-47:33
67            android:name="flutterEmbedding"
67-->src/main/AndroidManifest.xml:46:13-44
68            android:value="2" />
68-->src/main/AndroidManifest.xml:47:13-30
69
70        <activity
70-->[com.google.android.gms:play-services-auth:12.0.1] AndroidManifest.xml:23:9-27:75
71            android:name="com.google.android.gms.auth.api.signin.internal.SignInHubActivity"
71-->[com.google.android.gms:play-services-auth:12.0.1] AndroidManifest.xml:24:13-93
72            android:excludeFromRecents="true"
72-->[com.google.android.gms:play-services-auth:12.0.1] AndroidManifest.xml:25:13-46
73            android:exported="false"
73-->[com.google.android.gms:play-services-auth:12.0.1] AndroidManifest.xml:26:13-37
74            android:theme="@android:style/Theme.Translucent.NoTitleBar" />
74-->[com.google.android.gms:play-services-auth:12.0.1] AndroidManifest.xml:27:13-72
75        <!--
76            Service handling Google Sign-In user revocation. For apps that do not integrate with
77            Google Sign-In, this service will never be started.
78        -->
79        <service
79-->[com.google.android.gms:play-services-auth:12.0.1] AndroidManifest.xml:33:9-36:110
80            android:name="com.google.android.gms.auth.api.signin.RevocationBoundService"
80-->[com.google.android.gms:play-services-auth:12.0.1] AndroidManifest.xml:34:13-89
81            android:exported="true"
81-->[com.google.android.gms:play-services-auth:12.0.1] AndroidManifest.xml:35:13-36
82            android:permission="com.google.android.gms.auth.api.signin.permission.REVOCATION_NOTIFICATION" />
82-->[com.google.android.gms:play-services-auth:12.0.1] AndroidManifest.xml:36:13-107
83
84        <provider
84-->[:image_picker] AndroidManifest.xml:11:9-19:20
85            android:name="io.flutter.plugins.imagepicker.ImagePickerFileProvider"
85-->[:image_picker] AndroidManifest.xml:12:13-82
86            android:authorities="com.bottrion.almightybook.almighty_book.flutter.image_provider"
86-->[:image_picker] AndroidManifest.xml:13:13-74
87            android:exported="false"
87-->[:image_picker] AndroidManifest.xml:14:13-37
88            android:grantUriPermissions="true" >
88-->[:image_picker] AndroidManifest.xml:15:13-47
89            <meta-data
89-->[:image_picker] AndroidManifest.xml:16:13-18:75
90                android:name="android.support.FILE_PROVIDER_PATHS"
90-->[:image_picker] AndroidManifest.xml:17:17-67
91                android:resource="@xml/flutter_image_picker_file_paths" />
91-->[:image_picker] AndroidManifest.xml:18:17-72
92        </provider>
93
94        <activity
94-->[com.google.android.gms:play-services-base:17.0.0] AndroidManifest.xml:23:9-26:75
95            android:name="com.google.android.gms.common.api.GoogleApiActivity"
95-->[com.google.android.gms:play-services-base:17.0.0] AndroidManifest.xml:24:13-79
96            android:exported="false"
96-->[com.google.android.gms:play-services-base:17.0.0] AndroidManifest.xml:25:13-37
97            android:theme="@android:style/Theme.Translucent.NoTitleBar" />
97-->[com.google.android.gms:play-services-base:17.0.0] AndroidManifest.xml:26:13-72
98
99        <meta-data
99-->[com.google.android.gms:play-services-basement:17.0.0] AndroidManifest.xml:23:9-25:69
100            android:name="com.google.android.gms.version"
100-->[com.google.android.gms:play-services-basement:17.0.0] AndroidManifest.xml:24:13-58
101            android:value="@integer/google_play_services_version" />
101-->[com.google.android.gms:play-services-basement:17.0.0] AndroidManifest.xml:25:13-66
102    </application>
103
104</manifest>